<?xml version="1.0" encoding="UTF-8"?>
<testsuite name="com.example.MovieList.MovieListApplicationTests" tests="5" skipped="0" failures="0" errors="0" timestamp="2019-04-11T13:21:22" hostname="user-PC" time="0.974">
  <properties/>
  <testcase name="testGetMovieList" classname="com.example.MovieList.MovieListApplicationTests" time="0.854"/>
  <testcase name="testGet" classname="com.example.MovieList.MovieListApplicationTests" time="0.031"/>
  <testcase name="testPost" classname="com.example.MovieList.MovieListApplicationTests" time="0.029"/>
  <testcase name="testGetTimeOfDay" classname="com.example.MovieList.MovieListApplicationTests" time="0.024"/>
  <testcase name="testDelete" classname="com.example.MovieList.MovieListApplicationTests" time="0.032"/>
  <system-out><![CDATA[2019-04-11 08:21:22.147  INFO 6268 --- [    Test worker] .b.t.c.SpringBootTestContextBootstrapper : Neither @ContextConfiguration nor @ContextHierarchy found for test class [com.example.MovieList.MovieListApplicationTests], using SpringBootContextLoader
2019-04-11 08:21:22.149  INFO 6268 --- [    Test worker] o.s.t.c.support.AbstractContextLoader    : Could not detect default resource locations for test class [com.example.MovieList.MovieListApplicationTests]: no resource found for suffixes {-context.xml, Context.groovy}.
2019-04-11 08:21:22.153  INFO 6268 --- [    Test worker] .b.t.c.SpringBootTestContextBootstrapper : Loaded default TestExecutionListener class names from location [META-INF/spring.factories]: [org.springframework.boot.test.autoconfigure.restdocs.RestDocsTestExecutionListener, org.springframework.boot.test.autoconfigure.web.client.MockRestServiceServerResetTestExecutionListener, org.springframework.boot.test.autoconfigure.web.servlet.MockMvcPrintOnlyOnFailureTestExecutionListener, org.springframework.boot.test.autoconfigure.web.servlet.WebDriverTestExecutionListener, org.springframework.boot.test.mock.mockito.MockitoTestExecutionListener, org.springframework.boot.test.mock.mockito.ResetMocksTestExecutionListener, org.springframework.test.context.web.ServletTestExecutionListener, org.springframework.test.context.support.DirtiesContextBeforeModesTestExecutionListener, org.springframework.test.context.support.DependencyInjectionTestExecutionListener, org.springframework.test.context.support.DirtiesContextTestExecutionListener, org.springframework.test.context.transaction.TransactionalTestExecutionListener, org.springframework.test.context.jdbc.SqlScriptsTestExecutionListener]
2019-04-11 08:21:22.153  INFO 6268 --- [    Test worker] .b.t.c.SpringBootTestContextBootstrapper : Using TestExecutionListeners: [org.springframework.test.context.web.ServletTestExecutionListener@b8ff656, org.springframework.test.context.support.DirtiesContextBeforeModesTestExecutionListener@4a546a1c, org.springframework.boot.test.mock.mockito.MockitoTestExecutionListener@25751f2e, org.springframework.boot.test.autoconfigure.SpringBootDependencyInjectionTestExecutionListener@2d6855a, org.springframework.test.context.support.DirtiesContextTestExecutionListener@769fee10, org.springframework.test.context.transaction.TransactionalTestExecutionListener@1ff27e55, org.springframework.test.context.jdbc.SqlScriptsTestExecutionListener@12738eea, org.springframework.boot.test.autoconfigure.restdocs.RestDocsTestExecutionListener@24b935ab, org.springframework.boot.test.autoconfigure.web.client.MockRestServiceServerResetTestExecutionListener@2d5fa042, org.springframework.boot.test.autoconfigure.web.servlet.MockMvcPrintOnlyOnFailureTestExecutionListener@2153636a, org.springframework.boot.test.autoconfigure.web.servlet.WebDriverTestExecutionListener@2f59ad74, org.springframework.boot.test.mock.mockito.ResetMocksTestExecutionListener@4220c159]
2019-04-11 08:21:23.282  INFO 6268 --- [nio-8090-exec-2] o.a.c.c.C.[Tomcat].[localhost].[/]       : Initializing Spring FrameworkServlet 'dispatcherServlet'
2019-04-11 08:21:23.282  INFO 6268 --- [nio-8090-exec-2] o.s.web.servlet.DispatcherServlet        : FrameworkServlet 'dispatcherServlet': initialization started
2019-04-11 08:21:23.309  INFO 6268 --- [nio-8090-exec-2] o.s.web.servlet.DispatcherServlet        : FrameworkServlet 'dispatcherServlet': initialization completed in 27 ms
2019-04-11 08:21:23.417  INFO 6268 --- [nio-8090-exec-2] o.h.h.i.QueryTranslatorFactoryInitiator  : HHH000397: Using ASTQueryTranslatorFactory
Movie Saved Successfully
Movie Deleted Successfully
]]></system-out>
  <system-err><![CDATA[]]></system-err>
</testsuite>
